<?xml version="1.0" encoding="UTF-8"?>
<testsuite xmlns:xsi="http://www.w3.org/2001/XMLSchema-instance" xsi:noNamespaceSchemaLocation="https://maven.apache.org/surefire/maven-surefire-plugin/xsd/surefire-test-report.xsd" name="com.rp.service.rewardpoint.RPServiceApplicationTests" time="5.368" tests="5" errors="0" skipped="0" failures="0">
  <properties>
[...]
</properties>
  <testcase name="withZeroAmount_TestGetRewardPointSummary" classname="com.rp.service.rewardpoint.RPServiceApplicationTests" time="0.191"/>
  <testcase name="withNullAmount_TestGetRewardPointSummary" classname="com.rp.service.rewardpoint.RPServiceApplicationTests" time="0.006"/>
  <testcase name="withDefinedAmount_TestGetRewardPointSummary" classname="com.rp.service.rewardpoint.RPServiceApplicationTests" time="0.008"/>
  <testcase name="withWrongDateFormat_TestGetRewardPointSummary" classname="com.rp.service.rewardpoint.RPServiceApplicationTests" time="0.078"/>
  <testcase name="testGetRewardPointSummary" classname="com.rp.service.rewardpoint.RPServiceApplicationTests" time="0.01"/>
</testsuite>